# JRE version: OpenJDK Runtime Environment (11.0.11+9) (build 11.0.11+9-b60-7590822)
# Java VM: OpenJDK 64-Bit Server VM (11.0.11+9-b60-7590822, mixed mode, tiered, compressed oops, g1 gc, windows-amd64)
Heap:
 garbage-first heap   total 262144K, used 182580K [0x0000000080000000, 0x0000000100000000)
  region size 1024K, 5 young (5120K), 2 survivors (2048K)
 Metaspace       used 115731K, capacity 119287K, committed 119420K, reserved 1153024K
  class space    used 14629K, capacity 15926K, committed 15972K, reserved 1048576K
GC Heap History (20 events):
Event: 12.413 GC heap before
{Heap before GC invocations=16 (full 0):
 garbage-first heap   total 262144K, used 211968K [0x0000000080000000, 0x0000000100000000)
  region size 1024K, 93 young (95232K), 12 survivors (12288K)
 Metaspace       used 98577K, capacity 101705K, committed 101756K, reserved 1138688K
  class space    used 12515K, capacity 13663K, committed 13668K, reserved 1048576K
}
Event: 12.420 GC heap after
{Heap after GC invocations=17 (full 0):
 garbage-first heap   total 262144K, used 138703K [0x0000000080000000, 0x0000000100000000)
  region size 1024K, 9 young (9216K), 9 survivors (9216K)
 Metaspace       used 98577K, capacity 101705K, committed 101756K, reserved 1138688K
  class space    used 12515K, capacity 13663K, committed 13668K, reserved 1048576K
}
Event: 12.907 GC heap before
{Heap before GC invocations=17 (full 0):
 garbage-first heap   total 262144K, used 213455K [0x0000000080000000, 0x0000000100000000)
  region size 1024K, 83 young (84992K), 9 survivors (9216K)
 Metaspace       used 101664K, capacity 104851K, committed 105084K, reserved 1140736K
  class space    used 12885K, capacity 14075K, committed 14180K, reserved 1048576K
}
Event: 12.912 GC heap after
{Heap after GC invocations=18 (full 0):
 garbage-first heap   total 262144K, used 143679K [0x0000000080000000, 0x0000000100000000)
  region size 1024K, 6 young (6144K), 6 survivors (6144K)
 Metaspace       used 101664K, capacity 104851K, committed 105084K, reserved 1140736K
  class space    used 12885K, capacity 14075K, committed 14180K, reserved 1048576K
}
Event: 13.818 GC heap before
{Heap before GC invocations=19 (full 0):
 garbage-first heap   total 262144K, used 216383K [0x0000000080000000, 0x0000000100000000)
  region size 1024K, 77 young (78848K), 6 survivors (6144K)
 Metaspace       used 106084K, capacity 109476K, committed 109564K, reserved 1144832K
  class space    used 13534K, capacity 14795K, committed 14820K, reserved 1048576K
}
Event: 13.824 GC heap after
{Heap after GC invocations=20 (full 0):
 garbage-first heap   total 262144K, used 145622K [0x0000000080000000, 0x0000000100000000)
  region size 1024K, 8 young (8192K), 8 survivors (8192K)
 Metaspace       used 106084K, capacity 109476K, committed 109564K, reserved 1144832K
  class space    used 13534K, capacity 14795K, committed 14820K, reserved 1048576K
}
Event: 14.744 GC heap before
{Heap before GC invocations=20 (full 0):
 garbage-first heap   total 262144K, used 217302K [0x0000000080000000, 0x0000000100000000)
  region size 1024K, 79 young (80896K), 8 survivors (8192K)
 Metaspace       used 109514K, capacity 112897K, committed 113020K, reserved 1146880K
  class space    used 13883K, capacity 15158K, committed 15204K, reserved 1048576K
}
Event: 14.751 GC heap after
{Heap after GC invocations=21 (full 0):
 garbage-first heap   total 262144K, used 151733K [0x0000000080000000, 0x0000000100000000)
  region size 1024K, 10 young (10240K), 10 survivors (10240K)
 Metaspace       used 109514K, capacity 112897K, committed 113020K, reserved 1146880K
  class space    used 13883K, capacity 15158K, committed 15204K, reserved 1048576K
}
Event: 15.106 GC heap before
{Heap before GC invocations=22 (full 0):
 garbage-first heap   total 262144K, used 219317K [0x0000000080000000, 0x0000000100000000)
  region size 1024K, 76 young (77824K), 10 survivors (10240K)
 Metaspace       used 109660K, capacity 112934K, committed 113276K, reserved 1146880K
  class space    used 13801K, capacity 15019K, committed 15204K, reserved 1048576K
}
Event: 15.113 GC heap after
{Heap after GC invocations=23 (full 0):
 garbage-first heap   total 262144K, used 157014K [0x0000000080000000, 0x0000000100000000)
  region size 1024K, 6 young (6144K), 6 survivors (6144K)
 Metaspace       used 109660K, capacity 112934K, committed 113276K, reserved 1146880K
  class space    used 13801K, capacity 15019K, committed 15204K, reserved 1048576K
}
Event: 15.472 GC heap before
{Heap before GC invocations=23 (full 0):
 garbage-first heap   total 262144K, used 220502K [0x0000000080000000, 0x0000000100000000)
  region size 1024K, 68 young (69632K), 6 survivors (6144K)
 Metaspace       used 109778K, capacity 113125K, committed 113532K, reserved 1148928K
  class space    used 13807K, capacity 15030K, committed 15204K, reserved 1048576K
}
Event: 15.478 GC heap after
{Heap after GC invocations=24 (full 0):
 garbage-first heap   total 262144K, used 162370K [0x0000000080000000, 0x0000000100000000)
  region size 1024K, 6 young (6144K), 6 survivors (6144K)
 Metaspace       used 109778K, capacity 113125K, committed 113532K, reserved 1148928K
  class space    used 13807K, capacity 15030K, committed 15204K, reserved 1048576K
}
Event: 16.378 GC heap before
{Heap before GC invocations=25 (full 0):
 garbage-first heap   total 262144K, used 220738K [0x0000000080000000, 0x0000000100000000)
  region size 1024K, 63 young (64512K), 6 survivors (6144K)
 Metaspace       used 110166K, capacity 113613K, committed 113916K, reserved 1148928K
  class space    used 13839K, capacity 15102K, committed 15332K, reserved 1048576K
}
Event: 16.381 GC heap after
{Heap after GC invocations=26 (full 0):
 garbage-first heap   total 262144K, used 166843K [0x0000000080000000, 0x0000000100000000)
  region size 1024K, 5 young (5120K), 5 survivors (5120K)
 Metaspace       used 110166K, capacity 113613K, committed 113916K, reserved 1148928K
  class space    used 13839K, capacity 15102K, committed 15332K, reserved 1048576K
}
Event: 16.652 GC heap before
{Heap before GC invocations=26 (full 0):
 garbage-first heap   total 262144K, used 222139K [0x0000000080000000, 0x0000000100000000)
  region size 1024K, 59 young (60416K), 5 survivors (5120K)
 Metaspace       used 112148K, capacity 115491K, committed 115708K, reserved 1148928K
  class space    used 14144K, capacity 15390K, committed 15588K, reserved 1048576K
}
Event: 16.656 GC heap after
{Heap after GC invocations=27 (full 0):
 garbage-first heap   total 262144K, used 169587K [0x0000000080000000, 0x0000000100000000)
  region size 1024K, 4 young (4096K), 4 survivors (4096K)
 Metaspace       used 112148K, capacity 115491K, committed 115708K, reserved 1148928K
  class space    used 14144K, capacity 15390K, committed 15588K, reserved 1048576K
}
Event: 17.011 GC heap before
{Heap before GC invocations=28 (full 0):
 garbage-first heap   total 262144K, used 221811K [0x0000000080000000, 0x0000000100000000)
  region size 1024K, 56 young (57344K), 4 survivors (4096K)
 Metaspace       used 114001K, capacity 117463K, committed 117756K, reserved 1150976K
  class space    used 14407K, capacity 15724K, committed 15844K, reserved 1048576K
}
Event: 17.016 GC heap after
{Heap after GC invocations=29 (full 0):
 garbage-first heap   total 262144K, used 177208K [0x0000000080000000, 0x0000000100000000)
  region size 1024K, 7 young (7168K), 7 survivors (7168K)
 Metaspace       used 114001K, capacity 117463K, committed 117756K, reserved 1150976K
  class space    used 14407K, capacity 15724K, committed 15844K, reserved 1048576K
}
Event: 17.164 GC heap before
{Heap before GC invocations=29 (full 0):
 garbage-first heap   total 262144K, used 189496K [0x0000000080000000, 0x0000000100000000)
  region size 1024K, 20 young (20480K), 7 survivors (7168K)
 Metaspace       used 115497K, capacity 119039K, committed 119164K, reserved 1153024K
  class space    used 14601K, capacity 15914K, committed 15972K, reserved 1048576K
}
Event: 17.168 GC heap after
{Heap after GC invocations=30 (full 0):
 garbage-first heap   total 262144K, used 179508K [0x0000000080000000, 0x0000000100000000)
  region size 1024K, 2 young (2048K), 2 survivors (2048K)
 Metaspace       used 115497K, capacity 119039K, committed 119164K, reserved 1153024K
  class space    used 14601K, capacity 15914K, committed 15972K, reserved 1048576K
}

